Fintrack_Part3-Final-main/fintrack-part3-master/app/build/intermediates/manifest_merge_blame_file/debug/manifest-merger-blame-debug-report.txt
1<?xml version="1.0" encoding="utf-8"?>
2<manifest xmlns:android="http://schemas.android.com/apk/res/android"
3    package="com.example.fintrack"
4    android:versionCode="1"
5    android:versionName="1.0" >
6
7    <uses-sdk
8        android:minSdkVersion="21"
9        android:targetSdkVersion="34" />
10
11    <uses-permission android:name="android.permission.CAMERA" />
11-->src\main\AndroidManifest.xml:5:5-65
11-->src\main\AndroidManifest.xml:5:22-62
12    <uses-permission android:name="android.permission.READ_EXTERNAL_STORAGE" />
12-->src\main\AndroidManifest.xml:6:5-80
12-->src\main\AndroidManifest.xml:6:22-77
13    <uses-permission android:name="android.permission.WRITE_EXTERNAL_STORAGE" />
13-->src\main\AndroidManifest.xml:7:5-81
13-->src\main\AndroidManifest.xml:7:22-78
14
15    <permission
15-->[androidx.core:core:1.12.0] AndroidManifest.xml:22:5-24:47
16        android:name="com.example.fintrack.DYNAMIC_RECEIVER_NOT_EXPORTED_PERMISSION"
16-->[androidx.core:core:1.12.0] AndroidManifest.xml:23:9-81
17        android:protectionLevel="signature" />
17-->[androidx.core:core:1.12.0] AndroidManifest.xml:24:9-44
18
19    <uses-permission android:name="com.example.fintrack.DYNAMIC_RECEIVER_NOT_EXPORTED_PERMISSION" />
19-->[androidx.core:core:1.12.0] AndroidManifest.xml:26:5-97
19-->[androidx.core:core:1.12.0] AndroidManifest.xml:26:22-94
20
21    <application
21-->src\main\AndroidManifest.xml:9:5-31:19
22        android:allowBackup="true"
22-->src\main\AndroidManifest.xml:10:9-35
23        android:appComponentFactory="androidx.core.app.CoreComponentFactory"
23-->[androidx.core:core:1.12.0] AndroidManifest.xml:28:18-86
24        android:debuggable="true"
25        android:extractNativeLibs="true"
26        android:icon="@mipmap/ic_launcher"
26-->src\main\AndroidManifest.xml:11:9-43
27        android:label="@string/app_name"
27-->src\main\AndroidManifest.xml:12:9-41
28        android:roundIcon="@mipmap/ic_launcher_round"
28-->src\main\AndroidManifest.xml:13:9-54
29        android:supportsRtl="true"
29-->src\main\AndroidManifest.xml:14:9-35
30        android:testOnly="true"
31        android:theme="@style/AppTheme" >
31-->src\main\AndroidManifest.xml:15:9-40
32        <activity
32-->src\main\AndroidManifest.xml:16:9-22:20
33            android:name="com.example.fintrack.SplashActivity"
33-->src\main\AndroidManifest.xml:16:19-49
34            android:exported="true" >
34-->src\main\AndroidManifest.xml:17:13-36
35            <intent-filter>
35-->src\main\AndroidManifest.xml:18:13-21:29
36                <action android:name="android.intent.action.MAIN" />
36-->src\main\AndroidManifest.xml:19:17-69
36-->src\main\AndroidManifest.xml:19:25-66
37
38                <category android:name="android.intent.category.LAUNCHER" />
38-->src\main\AndroidManifest.xml:20:17-77
38-->src\main\AndroidManifest.xml:20:27-74
39            </intent-filter>
40        </activity>
41        <activity android:name="com.example.fintrack.LoginActivity" />
41-->src\main\AndroidManifest.xml:23:9-51
41-->src\main\AndroidManifest.xml:23:19-48
42        <activity android:name="com.example.fintrack.SignupActivity" />
42-->src\main\AndroidManifest.xml:24:9-52
42-->src\main\AndroidManifest.xml:24:19-49
43        <activity android:name="com.example.fintrack.MainActivity" />
43-->src\main\AndroidManifest.xml:25:9-50
43-->src\main\AndroidManifest.xml:25:19-47
44        <activity android:name="com.example.fintrack.StatisticsActivity" />
44-->src\main\AndroidManifest.xml:26:9-56
44-->src\main\AndroidManifest.xml:26:19-53
45        <activity android:name="com.example.fintrack.AddSpendingActivity" />
45-->src\main\AndroidManifest.xml:27:9-57
45-->src\main\AndroidManifest.xml:27:19-54
46        <activity android:name="com.example.fintrack.AddWalletActivity" />
46-->src\main\AndroidManifest.xml:28:9-55
46-->src\main\AndroidManifest.xml:28:19-52
47        <activity android:name="com.example.fintrack.EditWalletActivity" />
47-->src\main\AndroidManifest.xml:29:9-56
47-->src\main\AndroidManifest.xml:29:19-53
48        <activity android:name="com.example.fintrack.NotificationActivity" />
48-->src\main\AndroidManifest.xml:30:9-58
48-->src\main\AndroidManifest.xml:30:19-55
49
50        <provider
50-->[androidx.emoji2:emoji2:1.2.0] AndroidManifest.xml:24:9-32:20
51            android:name="androidx.startup.InitializationProvider"
51-->[androidx.emoji2:emoji2:1.2.0] AndroidManifest.xml:25:13-67
52            android:authorities="com.example.fintrack.androidx-startup"
52-->[androidx.emoji2:emoji2:1.2.0] AndroidManifest.xml:26:13-68
53            android:exported="false" >
53-->[androidx.emoji2:emoji2:1.2.0] AndroidManifest.xml:27:13-37
54            <meta-data
54-->[androidx.emoji2:emoji2:1.2.0] AndroidManifest.xml:29:13-31:52
55                android:name="androidx.emoji2.text.EmojiCompatInitializer"
55-->[androidx.emoji2:emoji2:1.2.0] AndroidManifest.xml:30:17-75
56                android:value="androidx.startup" />
56-->[androidx.emoji2:emoji2:1.2.0] AndroidManifest.xml:31:17-49
57            <meta-data
57-->[androidx.lifecycle:lifecycle-process:2.6.2] AndroidManifest.xml:29:13-31:52
58                android:name="androidx.lifecycle.ProcessLifecycleInitializer"
58-->[androidx.lifecycle:lifecycle-process:2.6.2] AndroidManifest.xml:30:17-78
59                android:value="androidx.startup" />
59-->[androidx.lifecycle:lifecycle-process:2.6.2] AndroidManifest.xml:31:17-49
60            <meta-data
60-->[androidx.profileinstaller:profileinstaller:1.3.0] AndroidManifest.xml:29:13-31:52
61                android:name="androidx.profileinstaller.ProfileInstallerInitializer"
61-->[androidx.profileinstaller:profileinstaller:1.3.0] AndroidManifest.xml:30:17-85
62                android:value="androidx.startup" />
62-->[androidx.profileinstaller:profileinstaller:1.3.0] AndroidManifest.xml:31:17-49
63        </provider>
64
65        <uses-library
65-->[androidx.window:window:1.0.0] AndroidManifest.xml:25:9-27:40
66            android:name="androidx.window.extensions"
66-->[androidx.window:window:1.0.0] AndroidManifest.xml:26:13-54
67            android:required="false" />
67-->[androidx.window:window:1.0.0] AndroidManifest.xml:27:13-37
68        <uses-library
68-->[androidx.window:window:1.0.0] AndroidManifest.xml:28:9-30:40
69            android:name="androidx.window.sidecar"
69-->[androidx.window:window:1.0.0] AndroidManifest.xml:29:13-51
70            android:required="false" />
70-->[androidx.window:window:1.0.0] AndroidManifest.xml:30:13-37
71
72        <receiver
72-->[androidx.profileinstaller:profileinstaller:1.3.0] AndroidManifest.xml:34:9-52:20
73            android:name="androidx.profileinstaller.ProfileInstallReceiver"
73-->[androidx.profileinstaller:profileinstaller:1.3.0] AndroidManifest.xml:35:13-76
74            android:directBootAware="false"
74-->[androidx.profileinstaller:profileinstaller:1.3.0] AndroidManifest.xml:36:13-44
75            android:enabled="true"
75-->[androidx.profileinstaller:profileinstaller:1.3.0] AndroidManifest.xml:37:13-35
76            android:exported="true"
76-->[androidx.profileinstaller:profileinstaller:1.3.0] AndroidManifest.xml:38:13-36
77            android:permission="android.permission.DUMP" >
77-->[androidx.profileinstaller:profileinstaller:1.3.0] AndroidManifest.xml:39:13-57
78            <intent-filter>
78-->[androidx.profileinstaller:profileinstaller:1.3.0] AndroidManifest.xml:40:13-42:29
79                <action android:name="androidx.profileinstaller.action.INSTALL_PROFILE" />
79-->[androidx.profileinstaller:profileinstaller:1.3.0] AndroidManifest.xml:41:17-91
79-->[androidx.profileinstaller:profileinstaller:1.3.0] AndroidManifest.xml:41:25-88
80            </intent-filter>
81            <intent-filter>
81-->[androidx.profileinstaller:profileinstaller:1.3.0] AndroidManifest.xml:43:13-45:29
82                <action android:name="androidx.profileinstaller.action.SKIP_FILE" />
82-->[androidx.profileinstaller:profileinstaller:1.3.0] AndroidManifest.xml:44:17-85
82-->[androidx.profileinstaller:profileinstaller:1.3.0] AndroidManifest.xml:44:25-82
83            </intent-filter>
84            <intent-filter>
84-->[androidx.profileinstaller:profileinstaller:1.3.0] AndroidManifest.xml:46:13-48:29
85                <action android:name="androidx.profileinstaller.action.SAVE_PROFILE" />
85-->[androidx.profileinstaller:profileinstaller:1.3.0] AndroidManifest.xml:47:17-88
85-->[androidx.profileinstaller:profileinstaller:1.3.0] AndroidManifest.xml:47:25-85
86            </intent-filter>
87            <intent-filter>
87-->[androidx.profileinstaller:profileinstaller:1.3.0] AndroidManifest.xml:49:13-51:29
88                <action android:name="androidx.profileinstaller.action.BENCHMARK_OPERATION" />
88-->[androidx.profileinstaller:profileinstaller:1.3.0] AndroidManifest.xml:50:17-95
88-->[androidx.profileinstaller:profileinstaller:1.3.0] AndroidManifest.xml:50:25-92
89            </intent-filter>
90        </receiver>
91    </application>
92
93</manifest>